La génération a démarré 18/09/2015 17:34:35.
     1>Projet "C:\Users\elecomte\Documents\Visual Studio 2013\Projects\SoundAnalyzer\SoundAnalyzer\SoundAnalyzer.vcxproj" sur le nœud 2 (Build cible(s)).
     1>Link:
         C:\Program Files (x86)\Microsoft Visual Studio 14.0\VC\bin\link.exe /ERRORREPORT:PROMPT /OUT:"C:\Users\elecomte\Documents\Visual Studio 2013\Projects\SoundAnalyzer\Debug\SoundAnalyzer.exe" /INCREMENTAL /NOLOGO /LIBPATH:..\Libs /LIBPATH:..\Libs\glew\lib\Release\Win32 /LIBPATH:..\Libs\FMod opengl32.lib glew32s.lib glu32.lib kernel32.lib user32.lib gdi32.lib winspool.lib comdlg32.lib advapi32.lib shell32.lib ole32.lib oleaut32.lib uuid.lib odbc32.lib odbccp32.lib /NODEFAULTLIB:msvcrt.lib /NODEFAULTLIB:libcmt.lib /MANIFEST /MANIFESTUAC:"level='asInvoker' uiAccess='false'" /manifest:embed /Debug /PDB:"C:\Users\elecomte\Documents\Visual Studio 2013\Projects\SoundAnalyzer\Debug\SoundAnalyzer.pdb" /TLBID:1 /DYNAMICBASE /NXCOMPAT /IMPLIB:"C:\Users\elecomte\Documents\Visual Studio 2013\Projects\SoundAnalyzer\Debug\SoundAnalyzer.lib" /MACHINE:X86 Debug\Analyzers.obj
         Debug\AnalyzerToolUtils.obj
         Debug\Camera.obj
         Debug\EsgiShader.obj
         Debug\Landmark.obj
         Debug\main.obj
         Debug\Map.obj
         Debug\MicRecorder.obj
         Debug\OpenGLRenderer.obj
         Debug\RefSoundLib.obj
         Debug\SoundAnalyzer.obj
         Debug\SoundComparer.obj
         Debug\SoundFile.obj
         Debug\SoundSaver.obj
         Debug\Time.obj
     1>glew32s.lib(glew.obj) : warning LNK4099: PDB 'vc120.pdb' n'a pu être trouvé avec 'glew32s.lib(glew.obj)' ou sur 'C:\Users\elecomte\Documents\Visual Studio 2013\Projects\SoundAnalyzer\Debug\vc120.pdb' ; l'objet sera lié sans informations de débogage
         SoundAnalyzer.vcxproj -> C:\Users\elecomte\Documents\Visual Studio 2013\Projects\SoundAnalyzer\Debug\SoundAnalyzer.exe
     1>Génération du projet "C:\Users\elecomte\Documents\Visual Studio 2013\Projects\SoundAnalyzer\SoundAnalyzer\SoundAnalyzer.vcxproj" terminée (Build cible(s)).

La génération a réussi.

Temps écoulé 00:00:03.20
